<?xml version="1.0" encoding="UTF-8"?>
<testng-results skipped="0" failed="0" total="2" passed="2">
  <reporter-output>
  </reporter-output>
  <suite name="Default suite" duration-ms="27" started-at="2016-08-10T01:16:29Z" finished-at="2016-08-10T01:16:29Z">
    <groups>
      <group name="Regression">
        <method signature="LogInTest.testMethod1()[pri:0, instance:com.training.LogInTest@29ee9faa]" name="testMethod1" class="com.training.LogInTest"/>
        <method signature="LogInTest.testMethod2()[pri:0, instance:com.training.LogInTest@29ee9faa]" name="testMethod2" class="com.training.LogInTest"/>
      </group> <!-- Regression -->
      <group name="Smoke">
        <method signature="LogInTest.testMethod1()[pri:0, instance:com.training.LogInTest@29ee9faa]" name="testMethod1" class="com.training.LogInTest"/>
      </group> <!-- Smoke -->
    </groups>
    <test name="Default test" duration-ms="27" started-at="2016-08-10T01:16:29Z" finished-at="2016-08-10T01:16:29Z">
      <class name="com.training.LogInTest">
        <test-method status="PASS" signature="testMethod1()[pri:0, instance:com.training.LogInTest@29ee9faa]" name="testMethod1" duration-ms="10" started-at="2016-08-09T21:16:29Z" finished-at="2016-08-09T21:16:29Z">
          <reporter-output>
          </reporter-output>
        </test-method> <!-- testMethod1 -->
        <test-method status="PASS" signature="testMethod2()[pri:0, instance:com.training.LogInTest@29ee9faa]" name="testMethod2" duration-ms="1" started-at="2016-08-09T21:16:29Z" finished-at="2016-08-09T21:16:29Z">
          <reporter-output>
          </reporter-output>
        </test-method> <!-- testMethod2 -->
      </class> <!-- com.training.LogInTest -->
    </test> <!-- Default test -->
  </suite> <!-- Default suite -->
</testng-results>
